<?xml version="1.0" encoding="UTF-8"?>
<!-- Generated by org.testng.reporters.JUnitXMLReporter -->
<testsuite hostname="tina-VirtualBox" ignored="0" name="NegativeTest" tests="1" failures="1" timestamp="12 Nov 2018 16:03:17 GMT" time="0.028" errors="0">
  <testcase name="negativeTest" time="0.0" classname="com.herokuapp.theinternet.NegativeTests">
    <failure type="org.testng.TestNGException" message="
Parameter &amp;apos;username&amp;apos; is required by @Test on method negativeTest but has not been marked @Optional or defined
in /home/tina/git/repository/selenium-for-begginers/src/test/resources/TestSuites/PositiveTests.xml">
      <![CDATA[org.testng.TestNGException: 
Parameter 'username' is required by @Test on method negativeTest but has not been marked @Optional or defined
in /home/tina/git/repository/selenium-for-begginers/src/test/resources/TestSuites/PositiveTests.xml
... Removed 24 stack frames]]>
    </failure>
  </testcase> <!-- negativeTest -->
</testsuite> <!-- NegativeTest -->
